<?xml version="1.0" encoding="UTF-8"?>
<!-- Generated by org.testng.reporters.JUnitReportReporter -->
<testsuite hostname="6fa99f3009505e8" failures="0" tests="1" name="com.qa.testscript.TC_AutomationPanda_001" time="4.803" errors="0" timestamp="2023-08-29T11:54:55 IST" skipped="0">
  <testcase classname="com.qa.testscript.TC_AutomationPanda_001" name="ContactTest" time="4.803"/>
</testsuite> <!-- com.qa.testscript.TC_AutomationPanda_001 -->
