<?xml version="1.0" encoding="UTF-8"?>
<!-- Generated by org.testng.reporters.JUnitReportReporter -->
<testsuite hostname="6fa99f3009505e8" failures="0" tests="1" name="com.qa.testscripts.TC_Flipkart_001" time="6.015" errors="0" timestamp="2023-08-29T11:36:49 IST" skipped="0">
  <testcase classname="com.qa.testscripts.TC_Flipkart_001" name="flipkartCheck" time="6.015"/>
  <system-out/>
</testsuite> <!-- com.qa.testscripts.TC_Flipkart_001 -->
